2025-04-19 10:46:28,896 [INFO] Logging initialized. Log file: logs/ingestion_pipeline_20250419_104628.log
2025-04-19 10:46:28,896 [INFO] Initializing IngestionPipeline
2025-04-19 10:46:28,913 [INFO] Use pytorch device_name: mps
2025-04-19 10:46:28,913 [INFO] Load pretrained SentenceTransformer: nomic-ai/modernbert-embed-base
2025-04-19 10:46:28,915 [DEBUG] Starting new HTTPS connection (1): huggingface.co:443
2025-04-19 10:46:29,198 [DEBUG] https://huggingface.co:443 "HEAD /nomic-ai/modernbert-embed-base/resolve/main/modules.json HTTP/11" 200 0
2025-04-19 10:46:29,361 [DEBUG] https://huggingface.co:443 "HEAD /nomic-ai/modernbert-embed-base/resolve/main/config_sentence_transformers.json HTTP/11" 200 0
2025-04-19 10:46:29,519 [DEBUG] https://huggingface.co:443 "HEAD /nomic-ai/modernbert-embed-base/resolve/main/README.md HTTP/11" 200 0
2025-04-19 10:46:29,674 [DEBUG] https://huggingface.co:443 "HEAD /nomic-ai/modernbert-embed-base/resolve/main/modules.json HTTP/11" 200 0
2025-04-19 10:46:30,022 [DEBUG] https://huggingface.co:443 "HEAD /nomic-ai/modernbert-embed-base/resolve/main/sentence_bert_config.json HTTP/11" 200 0
2025-04-19 10:46:30,203 [DEBUG] https://huggingface.co:443 "HEAD /nomic-ai/modernbert-embed-base/resolve/main/adapter_config.json HTTP/11" 404 0
2025-04-19 10:46:30,350 [DEBUG] https://huggingface.co:443 "HEAD /nomic-ai/modernbert-embed-base/resolve/main/config.json HTTP/11" 200 0
2025-04-19 10:46:31,266 [DEBUG] https://huggingface.co:443 "HEAD /nomic-ai/modernbert-embed-base/resolve/main/tokenizer_config.json HTTP/11" 200 0
2025-04-19 10:46:31,504 [DEBUG] https://huggingface.co:443 "GET /api/models/nomic-ai/modernbert-embed-base/revision/main HTTP/11" 200 854962
2025-04-19 10:46:32,023 [DEBUG] https://huggingface.co:443 "GET /api/models/nomic-ai/modernbert-embed-base HTTP/11" 200 854962
2025-04-19 10:46:32,835 [INFO] IngestionPipeline components initialized successfully
2025-04-19 10:46:32,835 [INFO] Starting ingestion pipeline test
2025-04-19 10:46:32,835 [INFO] Starting ingestion pipeline for file: ../data/pdf_test.pdf
2025-04-19 10:46:32,835 [DEBUG] Extracting text from document
2025-04-19 10:46:32,836 [ERROR] Error extracting text from PDF: [Errno 2] No such file or directory: '../data/pdf_test.pdf'
2025-04-19 10:46:32,836 [INFO] Successfully extracted 0 text segments
2025-04-19 10:46:32,836 [DEBUG] Extracting images from document
2025-04-19 10:46:32,836 [ERROR] Error extracting images from PDF: [Errno 2] No such file or directory: '../data/pdf_test.pdf'
2025-04-19 10:46:32,836 [INFO] Successfully extracted 0 images
2025-04-19 10:46:32,836 [DEBUG] Chunking extracted text
2025-04-19 10:46:32,836 [INFO] Created 0 chunks from text
2025-04-19 10:46:32,836 [DEBUG] Generating embeddings for chunks
2025-04-19 10:46:32,836 [INFO] Generated 0 embeddings
2025-04-19 10:46:32,836 [DEBUG] Initializing vector store
2025-04-19 10:46:32,836 [INFO] Ingestion pipeline completed successfully
2025-04-19 10:46:32,836 [INFO] Ingestion pipeline test completed successfully
