2025-04-19 10:47:30,343 [INFO] Logging initialized. Log file: logs/ingestion_pipeline_20250419_104730.log
2025-04-19 10:47:30,343 [INFO] Initializing IngestionPipeline
2025-04-19 10:47:30,362 [INFO] Use pytorch device_name: mps
2025-04-19 10:47:30,362 [INFO] Load pretrained SentenceTransformer: nomic-ai/modernbert-embed-base
2025-04-19 10:47:30,363 [DEBUG] Starting new HTTPS connection (1): huggingface.co:443
2025-04-19 10:47:30,570 [DEBUG] https://huggingface.co:443 "HEAD /nomic-ai/modernbert-embed-base/resolve/main/modules.json HTTP/11" 200 0
2025-04-19 10:47:30,711 [DEBUG] https://huggingface.co:443 "HEAD /nomic-ai/modernbert-embed-base/resolve/main/config_sentence_transformers.json HTTP/11" 200 0
2025-04-19 10:47:30,855 [DEBUG] https://huggingface.co:443 "HEAD /nomic-ai/modernbert-embed-base/resolve/main/README.md HTTP/11" 200 0
2025-04-19 10:47:30,996 [DEBUG] https://huggingface.co:443 "HEAD /nomic-ai/modernbert-embed-base/resolve/main/modules.json HTTP/11" 200 0
2025-04-19 10:47:31,158 [DEBUG] https://huggingface.co:443 "HEAD /nomic-ai/modernbert-embed-base/resolve/main/sentence_bert_config.json HTTP/11" 200 0
2025-04-19 10:47:31,306 [DEBUG] https://huggingface.co:443 "HEAD /nomic-ai/modernbert-embed-base/resolve/main/adapter_config.json HTTP/11" 404 0
2025-04-19 10:47:31,455 [DEBUG] https://huggingface.co:443 "HEAD /nomic-ai/modernbert-embed-base/resolve/main/config.json HTTP/11" 200 0
2025-04-19 10:47:32,362 [DEBUG] https://huggingface.co:443 "HEAD /nomic-ai/modernbert-embed-base/resolve/main/tokenizer_config.json HTTP/11" 200 0
2025-04-19 10:47:32,615 [DEBUG] https://huggingface.co:443 "GET /api/models/nomic-ai/modernbert-embed-base/revision/main HTTP/11" 200 854962
2025-04-19 10:47:33,155 [DEBUG] https://huggingface.co:443 "GET /api/models/nomic-ai/modernbert-embed-base HTTP/11" 200 854962
2025-04-19 10:47:33,966 [INFO] IngestionPipeline components initialized successfully
2025-04-19 10:47:33,967 [INFO] Starting ingestion pipeline test
2025-04-19 10:47:33,967 [INFO] Starting ingestion pipeline for file: ../data/pdf_test.pdf
2025-04-19 10:47:33,967 [DEBUG] Extracting text from document
2025-04-19 10:47:33,968 [ERROR] Error extracting text from PDF: [Errno 2] No such file or directory: '../data/pdf_test.pdf'
2025-04-19 10:47:33,968 [INFO] Successfully extracted 0 text segments
2025-04-19 10:47:33,968 [DEBUG] Extracting images from document
2025-04-19 10:47:33,968 [ERROR] Error extracting images from PDF: [Errno 2] No such file or directory: '../data/pdf_test.pdf'
2025-04-19 10:47:33,968 [INFO] Successfully extracted 0 images
2025-04-19 10:47:33,968 [DEBUG] Chunking extracted text
2025-04-19 10:47:33,968 [INFO] Created 0 chunks from text
2025-04-19 10:47:33,968 [DEBUG] Generating embeddings for chunks
2025-04-19 10:47:33,968 [INFO] Generated 0 embeddings
2025-04-19 10:47:33,968 [DEBUG] Initializing vector store
2025-04-19 10:47:33,968 [INFO] Ingestion pipeline completed successfully
2025-04-19 10:47:33,968 [INFO] Ingestion pipeline test completed successfully
