2025-04-19 10:44:58,898 [INFO] Logging initialized. Log file: logs/ingestion_pipeline_20250419_104458.log
2025-04-19 10:44:58,898 [INFO] Initializing IngestionPipeline
2025-04-19 10:44:58,918 [INFO] Use pytorch device_name: mps
2025-04-19 10:44:58,918 [INFO] Load pretrained SentenceTransformer: nomic-ai/modernbert-embed-base
2025-04-19 10:44:58,919 [DEBUG] Starting new HTTPS connection (1): huggingface.co:443
2025-04-19 10:44:59,189 [DEBUG] https://huggingface.co:443 "HEAD /nomic-ai/modernbert-embed-base/resolve/main/modules.json HTTP/11" 200 0
2025-04-19 10:44:59,336 [DEBUG] https://huggingface.co:443 "HEAD /nomic-ai/modernbert-embed-base/resolve/main/config_sentence_transformers.json HTTP/11" 200 0
2025-04-19 10:44:59,490 [DEBUG] https://huggingface.co:443 "HEAD /nomic-ai/modernbert-embed-base/resolve/main/README.md HTTP/11" 200 0
2025-04-19 10:44:59,644 [DEBUG] https://huggingface.co:443 "HEAD /nomic-ai/modernbert-embed-base/resolve/main/modules.json HTTP/11" 200 0
2025-04-19 10:44:59,797 [DEBUG] https://huggingface.co:443 "HEAD /nomic-ai/modernbert-embed-base/resolve/main/sentence_bert_config.json HTTP/11" 200 0
2025-04-19 10:44:59,950 [DEBUG] https://huggingface.co:443 "HEAD /nomic-ai/modernbert-embed-base/resolve/main/adapter_config.json HTTP/11" 404 0
2025-04-19 10:45:00,094 [DEBUG] https://huggingface.co:443 "HEAD /nomic-ai/modernbert-embed-base/resolve/main/config.json HTTP/11" 200 0
2025-04-19 10:45:01,068 [DEBUG] https://huggingface.co:443 "HEAD /nomic-ai/modernbert-embed-base/resolve/main/tokenizer_config.json HTTP/11" 200 0
2025-04-19 10:45:01,319 [DEBUG] https://huggingface.co:443 "GET /api/models/nomic-ai/modernbert-embed-base/revision/main HTTP/11" 200 854962
2025-04-19 10:45:01,797 [DEBUG] https://huggingface.co:443 "GET /api/models/nomic-ai/modernbert-embed-base HTTP/11" 200 854962
2025-04-19 10:45:02,882 [INFO] IngestionPipeline components initialized successfully
2025-04-19 10:45:02,882 [INFO] Starting ingestion pipeline test
2025-04-19 10:45:02,882 [INFO] Starting ingestion pipeline for file: ../data/pdf_test.pdf
2025-04-19 10:45:02,882 [DEBUG] Extracting text from document
2025-04-19 10:45:02,882 [ERROR] Error extracting text from PDF: [Errno 2] No such file or directory: '../data/pdf_test.pdf'
2025-04-19 10:45:02,882 [INFO] Successfully extracted 0 text segments
2025-04-19 10:45:02,882 [DEBUG] Extracting images from document
2025-04-19 10:45:02,883 [ERROR] Error extracting images from PDF: [Errno 2] No such file or directory: '../data/pdf_test.pdf'
2025-04-19 10:45:02,883 [INFO] Successfully extracted 0 images
2025-04-19 10:45:02,883 [DEBUG] Chunking extracted text
2025-04-19 10:45:02,883 [INFO] Created 0 chunks from text
2025-04-19 10:45:02,883 [DEBUG] Generating embeddings for chunks
2025-04-19 10:45:02,883 [INFO] Generated 0 embeddings
2025-04-19 10:45:02,883 [DEBUG] Initializing vector store
2025-04-19 10:45:02,884 [INFO] Ingestion pipeline completed successfully
2025-04-19 10:45:02,884 [INFO] Ingestion pipeline test completed successfully
