2025-04-19 10:45:56,491 [INFO] Logging initialized. Log file: logs/ingestion_pipeline_20250419_104556.log
2025-04-19 10:45:56,491 [INFO] Initializing IngestionPipeline
2025-04-19 10:45:56,508 [INFO] Use pytorch device_name: mps
2025-04-19 10:45:56,508 [INFO] Load pretrained SentenceTransformer: nomic-ai/modernbert-embed-base
2025-04-19 10:45:56,509 [DEBUG] Starting new HTTPS connection (1): huggingface.co:443
2025-04-19 10:45:56,922 [DEBUG] https://huggingface.co:443 "HEAD /nomic-ai/modernbert-embed-base/resolve/main/modules.json HTTP/11" 200 0
2025-04-19 10:45:57,071 [DEBUG] https://huggingface.co:443 "HEAD /nomic-ai/modernbert-embed-base/resolve/main/config_sentence_transformers.json HTTP/11" 200 0
2025-04-19 10:45:57,246 [DEBUG] https://huggingface.co:443 "HEAD /nomic-ai/modernbert-embed-base/resolve/main/README.md HTTP/11" 200 0
2025-04-19 10:45:57,389 [DEBUG] https://huggingface.co:443 "HEAD /nomic-ai/modernbert-embed-base/resolve/main/modules.json HTTP/11" 200 0
2025-04-19 10:45:57,541 [DEBUG] https://huggingface.co:443 "HEAD /nomic-ai/modernbert-embed-base/resolve/main/sentence_bert_config.json HTTP/11" 200 0
2025-04-19 10:45:57,684 [DEBUG] https://huggingface.co:443 "HEAD /nomic-ai/modernbert-embed-base/resolve/main/adapter_config.json HTTP/11" 404 0
2025-04-19 10:45:57,828 [DEBUG] https://huggingface.co:443 "HEAD /nomic-ai/modernbert-embed-base/resolve/main/config.json HTTP/11" 200 0
2025-04-19 10:45:58,774 [DEBUG] https://huggingface.co:443 "HEAD /nomic-ai/modernbert-embed-base/resolve/main/tokenizer_config.json HTTP/11" 200 0
2025-04-19 10:45:59,028 [DEBUG] https://huggingface.co:443 "GET /api/models/nomic-ai/modernbert-embed-base/revision/main HTTP/11" 200 854962
2025-04-19 10:45:59,554 [DEBUG] https://huggingface.co:443 "GET /api/models/nomic-ai/modernbert-embed-base HTTP/11" 200 854962
2025-04-19 10:46:00,605 [INFO] IngestionPipeline components initialized successfully
2025-04-19 10:46:00,606 [INFO] Starting ingestion pipeline test
2025-04-19 10:46:00,606 [INFO] Starting ingestion pipeline for file: ../data/pdf_test.pdf
2025-04-19 10:46:00,606 [DEBUG] Extracting text from document
2025-04-19 10:46:00,608 [ERROR] Error extracting text from PDF: [Errno 2] No such file or directory: '../data/pdf_test.pdf'
2025-04-19 10:46:00,610 [INFO] Successfully extracted 0 text segments
2025-04-19 10:46:00,610 [DEBUG] Extracting images from document
2025-04-19 10:46:00,610 [ERROR] Error extracting images from PDF: [Errno 2] No such file or directory: '../data/pdf_test.pdf'
2025-04-19 10:46:00,610 [INFO] Successfully extracted 0 images
2025-04-19 10:46:00,610 [DEBUG] Chunking extracted text
2025-04-19 10:46:00,610 [INFO] Created 0 chunks from text
2025-04-19 10:46:00,610 [DEBUG] Generating embeddings for chunks
2025-04-19 10:46:00,611 [INFO] Generated 0 embeddings
2025-04-19 10:46:00,611 [DEBUG] Initializing vector store
2025-04-19 10:46:00,611 [INFO] Ingestion pipeline completed successfully
2025-04-19 10:46:00,611 [INFO] Ingestion pipeline test completed successfully
